[2024-06-29 12:49:07,754: INFO: main: testing logging.]
[2024-06-30 12:22:01,908: INFO: common: yaml file: config/config.yaml loaded successfully]
[2024-06-30 12:22:21,914: INFO: common: yaml file: config/config.yaml loaded successfully]
[2024-06-30 12:22:21,917: INFO: common: yaml file: params.yaml loaded successfully]
[2024-06-30 12:22:21,917: INFO: common: yaml file: schema.yaml loaded successfully]
[2024-06-30 12:28:36,640: INFO: common: yaml file: config/config.yaml loaded successfully]
[2024-06-30 12:28:36,644: INFO: common: yaml file: params.yaml loaded successfully]
[2024-06-30 12:28:36,645: INFO: common: yaml file: schema.yaml loaded successfully]
[2024-06-30 12:28:36,646: INFO: common: created directory at: artifacts]
[2024-06-30 12:28:36,647: INFO: common: created directory at: artifacts/data_ingestion]
[2024-06-30 12:30:36,193: INFO: common: yaml file: config/config.yaml loaded successfully]
[2024-06-30 12:30:36,195: INFO: common: yaml file: params.yaml loaded successfully]
[2024-06-30 12:30:36,197: INFO: common: yaml file: schema.yaml loaded successfully]
[2024-06-30 12:30:36,197: INFO: common: created directory at: artifacts]
[2024-06-30 12:30:36,198: INFO: common: created directory at: artifacts/data_ingestion]
[2024-06-30 12:31:44,153: INFO: common: yaml file: config/config.yaml loaded successfully]
[2024-06-30 12:31:44,156: INFO: common: yaml file: params.yaml loaded successfully]
[2024-06-30 12:31:44,157: INFO: common: yaml file: schema.yaml loaded successfully]
[2024-06-30 12:31:44,158: INFO: common: created directory at: artifacts]
[2024-06-30 12:31:44,159: INFO: common: created directory at: artifacts/data_ingestion]
[2024-06-30 12:33:00,759: INFO: 3764008903: artifacts/data_ingestion/yellow_tripdata_2023-03.parquet download! 
]
[2024-06-30 12:39:17,197: INFO: main: >>>>>> stage Data Ingestion stage started <<<<<<]
[2024-06-30 12:39:17,198: INFO: common: yaml file: config/config.yaml loaded successfully]
[2024-06-30 12:39:17,198: INFO: common: yaml file: params.yaml loaded successfully]
[2024-06-30 12:39:17,198: INFO: common: yaml file: schema.yaml loaded successfully]
[2024-06-30 12:39:17,198: INFO: common: created directory at: artifacts]
[2024-06-30 12:39:17,198: INFO: common: created directory at: artifacts/data_ingestion]
[2024-06-30 12:39:17,198: INFO: data_ingestion: File already exists of size: ~ 374485 KB]
[2024-06-30 12:39:17,198: INFO: main: >>>>>> stage Data Ingestion stage completed <<<<<<

x==========x]
[2024-06-30 12:40:00,383: INFO: main: >>>>>> stage Data Ingestion stage started <<<<<<]
[2024-06-30 12:40:00,383: INFO: common: yaml file: config/config.yaml loaded successfully]
[2024-06-30 12:40:00,384: INFO: common: yaml file: params.yaml loaded successfully]
[2024-06-30 12:40:00,384: INFO: common: yaml file: schema.yaml loaded successfully]
[2024-06-30 12:40:00,384: INFO: common: created directory at: artifacts]
[2024-06-30 12:40:00,384: INFO: common: created directory at: artifacts/data_ingestion]
[2024-06-30 12:40:51,117: INFO: data_ingestion: artifacts/data_ingestion/yellow_tripdata_2023-03.parquet download! 
]
[2024-06-30 12:40:51,118: INFO: main: >>>>>> stage Data Ingestion stage completed <<<<<<

x==========x]
[2024-06-30 13:10:44,790: INFO: common: yaml file: config/config.yaml loaded successfully]
[2024-06-30 13:10:44,793: INFO: common: yaml file: params.yaml loaded successfully]
[2024-06-30 13:10:44,799: INFO: common: yaml file: schema.yaml loaded successfully]
[2024-06-30 13:10:44,850: INFO: common: created directory at: artifacts]
[2024-06-30 13:10:44,854: INFO: common: created directory at: artifacts/data_transformation]
[2024-06-30 13:10:44,870: INFO: 3001843380: reading file - artifacts/data_ingestion/yellow_tripdata_2023-03.parquet]
[2024-06-30 13:15:49,716: INFO: common: yaml file: config/config.yaml loaded successfully]
[2024-06-30 13:15:49,717: INFO: common: yaml file: params.yaml loaded successfully]
[2024-06-30 13:15:49,718: INFO: common: yaml file: schema.yaml loaded successfully]
[2024-06-30 13:15:49,719: INFO: common: created directory at: artifacts]
[2024-06-30 13:15:49,720: INFO: common: created directory at: artifacts/data_transformation]
[2024-06-30 13:15:49,720: INFO: 3001843380: reading file - artifacts/data_ingestion/yellow_tripdata_2023-03.parquet]
[2024-06-30 13:18:52,092: INFO: main: >>>>>> stage Data Ingestion stage started <<<<<<]
[2024-06-30 13:18:52,093: INFO: common: yaml file: config/config.yaml loaded successfully]
[2024-06-30 13:18:52,095: INFO: common: yaml file: params.yaml loaded successfully]
[2024-06-30 13:18:52,095: INFO: common: yaml file: schema.yaml loaded successfully]
[2024-06-30 13:18:52,095: INFO: common: created directory at: artifacts]
[2024-06-30 13:18:52,095: INFO: common: created directory at: artifacts/data_ingestion]
[2024-06-30 13:18:52,095: INFO: data_ingestion: File already exists of size: ~ 374485 KB]
[2024-06-30 13:18:52,095: INFO: main: >>>>>> stage Data Ingestion stage completed <<<<<<

x==========x]
[2024-06-30 13:19:25,977: INFO: main: >>>>>> stage Data Ingestion stage started <<<<<<]
[2024-06-30 13:19:25,977: INFO: common: yaml file: config/config.yaml loaded successfully]
[2024-06-30 13:19:25,978: INFO: common: yaml file: params.yaml loaded successfully]
[2024-06-30 13:19:25,978: INFO: common: yaml file: schema.yaml loaded successfully]
[2024-06-30 13:19:25,978: INFO: common: created directory at: artifacts]
[2024-06-30 13:19:25,978: INFO: common: created directory at: artifacts/data_ingestion]
[2024-06-30 13:20:12,604: INFO: data_ingestion: artifacts/data_ingestion/yellow_tripdata_2023-03.parquet download! 
]
[2024-06-30 13:20:12,605: INFO: main: >>>>>> stage Data Ingestion stage completed <<<<<<

x==========x]
[2024-06-30 13:20:52,132: INFO: common: yaml file: config/config.yaml loaded successfully]
[2024-06-30 13:20:52,135: INFO: common: yaml file: params.yaml loaded successfully]
[2024-06-30 13:20:52,137: INFO: common: yaml file: schema.yaml loaded successfully]
[2024-06-30 13:20:52,138: INFO: common: created directory at: artifacts]
[2024-06-30 13:20:52,139: INFO: common: created directory at: artifacts/data_transformation]
[2024-06-30 13:20:52,139: INFO: 1163276221: reading file - artifacts/data_ingestion/yellow_tripdata_2023-03.parquet]
[2024-06-30 13:22:15,254: INFO: common: yaml file: config/config.yaml loaded successfully]
[2024-06-30 13:22:15,257: INFO: common: yaml file: params.yaml loaded successfully]
[2024-06-30 13:22:15,258: INFO: common: yaml file: schema.yaml loaded successfully]
[2024-06-30 13:22:15,259: INFO: common: created directory at: artifacts]
[2024-06-30 13:22:15,260: INFO: common: created directory at: artifacts/data_ingestion]
[2024-06-30 13:22:41,715: INFO: 340874643: artifacts/data_ingestion/yellow_tripdata_2023-03.parquet download! 
]
[2024-06-30 13:23:25,295: INFO: common: yaml file: config/config.yaml loaded successfully]
[2024-06-30 13:23:25,296: INFO: common: yaml file: params.yaml loaded successfully]
[2024-06-30 13:23:25,297: INFO: common: yaml file: schema.yaml loaded successfully]
[2024-06-30 13:23:25,297: INFO: common: created directory at: artifacts]
[2024-06-30 13:23:25,298: INFO: common: created directory at: artifacts/data_transformation]
[2024-06-30 13:23:25,298: INFO: 1163276221: reading file - artifacts/data_ingestion/yellow_tripdata_2023-03.parquet]
[2024-06-30 13:23:33,301: INFO: common: yaml file: config/config.yaml loaded successfully]
[2024-06-30 13:23:33,303: INFO: common: yaml file: params.yaml loaded successfully]
[2024-06-30 13:23:33,304: INFO: common: yaml file: schema.yaml loaded successfully]
[2024-06-30 13:23:33,305: INFO: common: created directory at: artifacts]
[2024-06-30 13:23:33,306: INFO: common: created directory at: artifacts/data_transformation]
[2024-06-30 13:23:33,306: INFO: 1163276221: reading file - artifacts/data_ingestion/yellow_tripdata_2023-03.parquet]
[2024-06-30 13:23:47,335: INFO: common: yaml file: config/config.yaml loaded successfully]
[2024-06-30 13:23:47,337: INFO: common: yaml file: params.yaml loaded successfully]
[2024-06-30 13:23:47,339: INFO: common: yaml file: schema.yaml loaded successfully]
[2024-06-30 13:23:47,340: INFO: common: created directory at: artifacts]
[2024-06-30 13:23:47,340: INFO: common: created directory at: artifacts/data_transformation]
[2024-06-30 13:23:47,341: INFO: 3001843380: reading file - artifacts/data_ingestion/yellow_tripdata_2023-03.parquet]
[2024-06-30 13:23:50,026: INFO: 3001843380: Data transformation completed]
[2024-06-30 13:23:50,028: INFO: 3001843380: (3316216, 21)]
[2024-06-30 13:23:59,688: INFO: common: yaml file: config/config.yaml loaded successfully]
[2024-06-30 13:23:59,689: INFO: common: yaml file: params.yaml loaded successfully]
[2024-06-30 13:23:59,690: INFO: common: yaml file: schema.yaml loaded successfully]
[2024-06-30 13:23:59,690: INFO: common: created directory at: artifacts]
[2024-06-30 13:23:59,691: INFO: common: created directory at: artifacts/data_transformation]
[2024-06-30 13:23:59,691: INFO: 3001843380: reading file - artifacts/data_ingestion/yellow_tripdata_2023-03.parquet]
[2024-06-30 13:24:02,064: INFO: 3001843380: Data transformation completed]
[2024-06-30 13:24:02,066: INFO: 3001843380: (3316216, 21)]
[2024-06-30 13:31:03,561: INFO: main: >>>>>> stage Data Ingestion stage started <<<<<<]
[2024-06-30 13:31:03,562: INFO: common: yaml file: config/config.yaml loaded successfully]
[2024-06-30 13:31:03,562: INFO: common: yaml file: params.yaml loaded successfully]
[2024-06-30 13:31:03,562: INFO: common: yaml file: schema.yaml loaded successfully]
[2024-06-30 13:31:03,562: INFO: common: created directory at: artifacts]
[2024-06-30 13:31:03,562: INFO: common: created directory at: artifacts/data_ingestion]
[2024-06-30 13:31:27,940: INFO: data_ingestion: artifacts/data_ingestion/yellow_tripdata_2023-03.parquet download! 
]
[2024-06-30 13:31:27,941: INFO: main: >>>>>> stage Data Ingestion stage completed <<<<<<

x==========x]
[2024-06-30 13:31:27,941: INFO: main: >>>>>> stage Data Transformation stage started <<<<<<]
[2024-06-30 13:31:27,941: ERROR: main: name 'DataTransformationTrainingPipeline' is not defined]
Traceback (most recent call last):
  File "/Users/whysocurious/Documents/MLDSAIProjects/e2e-mlops-gcp/main.py", line 18, in <module>
    logger.info(f">>>>>> stage {STAGE_NAME} started <<<<<<")
                    ^^^^^^^^^^^^^^^^^^^^^^^^^^^^^^^^^^
NameError: name 'DataTransformationTrainingPipeline' is not defined
[2024-06-30 13:32:08,628: INFO: main: >>>>>> stage Data Ingestion stage started <<<<<<]
[2024-06-30 13:32:08,629: INFO: common: yaml file: config/config.yaml loaded successfully]
[2024-06-30 13:32:08,629: INFO: common: yaml file: params.yaml loaded successfully]
[2024-06-30 13:32:08,629: INFO: common: yaml file: schema.yaml loaded successfully]
[2024-06-30 13:32:08,629: INFO: common: created directory at: artifacts]
[2024-06-30 13:32:08,629: INFO: common: created directory at: artifacts/data_ingestion]
[2024-06-30 13:32:37,879: INFO: data_ingestion: artifacts/data_ingestion/yellow_tripdata_2023-03.parquet download! 
]
[2024-06-30 13:32:37,880: INFO: main: >>>>>> stage Data Ingestion stage completed <<<<<<

x==========x]
[2024-06-30 13:32:37,880: INFO: main: >>>>>> stage Data Transformation stage started <<<<<<]
[2024-06-30 13:32:37,880: INFO: common: yaml file: config/config.yaml loaded successfully]
[2024-06-30 13:32:37,881: INFO: common: yaml file: params.yaml loaded successfully]
[2024-06-30 13:32:37,881: INFO: common: yaml file: schema.yaml loaded successfully]
[2024-06-30 13:32:37,881: INFO: common: created directory at: artifacts]
[2024-06-30 13:32:37,881: INFO: common: created directory at: artifacts/data_transformation]
[2024-06-30 13:32:37,881: INFO: main: >>>>>> stage Data Transformation stage completed <<<<<<

x==========x]
[2024-07-01 06:34:02,239: INFO: main: >>>>>> stage Data Ingestion stage started <<<<<<]
[2024-07-01 06:34:02,240: INFO: common: yaml file: config/config.yaml loaded successfully]
[2024-07-01 06:34:02,241: INFO: common: yaml file: params.yaml loaded successfully]
[2024-07-01 06:34:02,241: INFO: common: yaml file: schema.yaml loaded successfully]
[2024-07-01 06:34:02,241: INFO: common: created directory at: artifacts]
[2024-07-01 06:34:02,241: INFO: common: created directory at: artifacts/data_ingestion]
[2024-07-01 06:35:16,243: INFO: data_ingestion: artifacts/data_ingestion/yellow_tripdata_2023-03.parquet download! 
]
[2024-07-01 06:35:16,243: INFO: main: >>>>>> stage Data Ingestion stage completed <<<<<<

x==========x]
[2024-07-01 06:35:16,243: INFO: main: >>>>>> stage Data Transformation stage started <<<<<<]
[2024-07-01 06:35:16,245: INFO: common: yaml file: config/config.yaml loaded successfully]
[2024-07-01 06:35:16,245: INFO: common: yaml file: params.yaml loaded successfully]
[2024-07-01 06:35:16,246: INFO: common: yaml file: schema.yaml loaded successfully]
[2024-07-01 06:35:16,246: INFO: common: created directory at: artifacts]
[2024-07-01 06:35:16,246: INFO: common: created directory at: artifacts/data_transformation]
[2024-07-01 06:35:16,246: INFO: main: >>>>>> stage Data Transformation stage completed <<<<<<

x==========x]
[2024-07-01 06:41:07,987: INFO: common: yaml file: config/config.yaml loaded successfully]
[2024-07-01 06:41:07,989: INFO: common: yaml file: params.yaml loaded successfully]
[2024-07-01 06:41:07,991: INFO: common: yaml file: schema.yaml loaded successfully]
[2024-07-01 06:41:07,992: INFO: common: created directory at: artifacts]
[2024-07-01 06:41:07,993: INFO: common: created directory at: artifacts/data_transformation]
[2024-07-01 06:41:07,993: INFO: 1204532097: reading file - artifacts/data_ingestion/yellow_tripdata_2023-03.parquet]
[2024-07-01 06:41:47,605: INFO: 1204532097: Data transformation completed]
[2024-07-01 06:41:47,608: INFO: 1204532097: (3316216, 21)]
[2024-07-01 06:42:52,217: INFO: main: >>>>>> stage Data Ingestion stage started <<<<<<]
[2024-07-01 06:42:52,218: INFO: common: yaml file: config/config.yaml loaded successfully]
[2024-07-01 06:42:52,219: INFO: common: yaml file: params.yaml loaded successfully]
[2024-07-01 06:42:52,219: INFO: common: yaml file: schema.yaml loaded successfully]
[2024-07-01 06:42:52,219: INFO: common: created directory at: artifacts]
[2024-07-01 06:42:52,219: INFO: common: created directory at: artifacts/data_ingestion]
[2024-07-01 06:43:53,498: INFO: data_ingestion: artifacts/data_ingestion/yellow_tripdata_2023-03.parquet download! 
]
[2024-07-01 06:43:53,499: INFO: main: >>>>>> stage Data Ingestion stage completed <<<<<<

x==========x]
[2024-07-01 06:43:53,499: INFO: main: >>>>>> stage Data Transformation stage started <<<<<<]
[2024-07-01 06:43:53,500: INFO: common: yaml file: config/config.yaml loaded successfully]
[2024-07-01 06:43:53,501: INFO: common: yaml file: params.yaml loaded successfully]
[2024-07-01 06:43:53,501: INFO: common: yaml file: schema.yaml loaded successfully]
[2024-07-01 06:43:53,501: INFO: common: created directory at: artifacts]
[2024-07-01 06:43:53,501: INFO: common: created directory at: artifacts/data_transformation]
[2024-07-01 06:43:53,501: INFO: data_transformation: reading file - artifacts/data_ingestion/yellow_tripdata_2023-03.parquet]
[2024-07-01 06:43:55,133: INFO: main: >>>>>> stage Data Transformation stage completed <<<<<<

x==========x]
[2024-07-01 06:51:47,403: INFO: main: >>>>>> stage Data Ingestion stage started <<<<<<]
[2024-07-01 06:51:47,404: INFO: common: yaml file: config/config.yaml loaded successfully]
[2024-07-01 06:51:47,405: INFO: common: yaml file: params.yaml loaded successfully]
[2024-07-01 06:51:47,405: INFO: common: yaml file: schema.yaml loaded successfully]
[2024-07-01 06:51:47,405: INFO: common: created directory at: artifacts]
[2024-07-01 06:51:47,406: INFO: common: created directory at: artifacts/data_ingestion]
[2024-07-01 06:52:27,855: INFO: data_ingestion: artifacts/data_ingestion/yellow_tripdata_2023-03.parquet download! 
]
[2024-07-01 06:52:27,856: INFO: main: >>>>>> stage Data Ingestion stage completed <<<<<<

x==========x]
[2024-07-01 06:52:27,856: INFO: main: >>>>>> stage Data Transformation stage started <<<<<<]
[2024-07-01 06:52:27,857: INFO: common: yaml file: config/config.yaml loaded successfully]
[2024-07-01 06:52:27,858: INFO: common: yaml file: params.yaml loaded successfully]
[2024-07-01 06:52:27,858: INFO: common: yaml file: schema.yaml loaded successfully]
[2024-07-01 06:52:27,859: INFO: common: created directory at: artifacts]
[2024-07-01 06:52:27,859: INFO: common: created directory at: artifacts/data_transformation]
[2024-07-01 06:52:27,859: INFO: data_transformation: reading file - artifacts/data_ingestion/yellow_tripdata_2023-03.parquet]
[2024-07-01 06:53:07,470: INFO: data_transformation: Data transformation completed]
[2024-07-01 06:53:07,471: INFO: data_transformation: (3316216, 21)]
[2024-07-01 06:53:07,792: INFO: main: >>>>>> stage Data Transformation stage completed <<<<<<

x==========x]
[2024-07-02 13:17:20,038: INFO: main: >>>>>> stage Data Ingestion stage started <<<<<<]
[2024-07-02 13:17:20,040: INFO: common: yaml file: config/config.yaml loaded successfully]
[2024-07-02 13:17:20,040: INFO: common: yaml file: params.yaml loaded successfully]
[2024-07-02 13:17:20,041: INFO: common: yaml file: schema.yaml loaded successfully]
[2024-07-02 13:17:20,041: INFO: common: created directory at: artifacts]
[2024-07-02 13:17:20,041: INFO: common: created directory at: artifacts/data_ingestion]
[2024-07-02 13:18:43,209: INFO: data_ingestion: artifacts/data_ingestion/yellow_tripdata_2023-03.parquet download! 
]
[2024-07-02 13:18:43,210: INFO: main: >>>>>> stage Data Ingestion stage completed <<<<<<

x==========x]
[2024-07-02 13:18:43,210: INFO: main: >>>>>> stage Data Transformation stage started <<<<<<]
[2024-07-02 13:18:43,211: INFO: common: yaml file: config/config.yaml loaded successfully]
[2024-07-02 13:18:43,211: INFO: common: yaml file: params.yaml loaded successfully]
[2024-07-02 13:18:43,211: INFO: common: yaml file: schema.yaml loaded successfully]
[2024-07-02 13:18:43,212: INFO: common: created directory at: artifacts]
[2024-07-02 13:18:43,212: INFO: common: created directory at: artifacts/data_transformation]
[2024-07-02 13:18:43,212: INFO: data_transformation: reading file - artifacts/data_ingestion/yellow_tripdata_2023-03.parquet]
[2024-07-02 13:19:07,408: INFO: data_transformation: Data transformation completed]
[2024-07-02 13:19:07,409: INFO: data_transformation: (3316216, 21)]
[2024-07-02 13:19:07,517: INFO: main: >>>>>> stage Data Transformation stage completed <<<<<<

x==========x]
[2024-07-02 13:33:53,535: INFO: common: yaml file: config/config.yaml loaded successfully]
[2024-07-02 13:33:53,538: INFO: common: yaml file: params.yaml loaded successfully]
[2024-07-02 13:33:53,540: INFO: common: yaml file: schema.yaml loaded successfully]
[2024-07-02 13:33:53,542: INFO: common: created directory at: artifacts]
[2024-07-02 13:33:53,543: INFO: common: created directory at: artifacts/model_evaluation]
[2024-07-02 13:36:18,048: INFO: common: yaml file: config/config.yaml loaded successfully]
[2024-07-02 13:36:18,052: INFO: common: yaml file: params.yaml loaded successfully]
[2024-07-02 13:36:18,053: INFO: common: yaml file: schema.yaml loaded successfully]
[2024-07-02 13:36:18,054: INFO: common: created directory at: artifacts]
[2024-07-02 13:36:18,055: INFO: common: created directory at: artifacts/model_evaluation]
[2024-07-02 13:36:53,495: INFO: common: yaml file: config/config.yaml loaded successfully]
[2024-07-02 13:36:53,497: INFO: common: yaml file: params.yaml loaded successfully]
[2024-07-02 13:36:53,497: INFO: common: yaml file: schema.yaml loaded successfully]
[2024-07-02 13:36:53,498: INFO: common: created directory at: artifacts]
[2024-07-02 13:36:53,499: INFO: common: created directory at: artifacts/model_evaluation]
[2024-07-02 13:36:53,499: INFO: 3488268473: predicting using model from research/model.bin]
[2024-07-02 13:37:05,192: INFO: 3488268473: Standard deviation of preds - 6.750155989720952e-14]
[2024-07-02 13:37:05,194: INFO: 3488268473: Mean of preds - 23.19714924577499]
[2024-07-02 13:37:05,194: INFO: 3488268473: creating results dataframe...]
[2024-07-02 13:37:05,257: INFO: 3488268473: writing results to - artifacts/model_evaluation]
[2024-07-02 13:40:12,685: INFO: common: yaml file: config/config.yaml loaded successfully]
[2024-07-02 13:40:12,686: INFO: common: yaml file: params.yaml loaded successfully]
[2024-07-02 13:40:12,687: INFO: common: yaml file: schema.yaml loaded successfully]
[2024-07-02 13:40:12,688: INFO: common: created directory at: artifacts]
[2024-07-02 13:40:12,689: INFO: common: created directory at: artifacts/model_evaluation]
[2024-07-02 13:40:12,690: INFO: 880020061: predicting using model from research/model.bin]
[2024-07-02 13:40:21,532: INFO: 880020061: Standard deviation of preds - 6.750155989720952e-14]
[2024-07-02 13:40:21,535: INFO: 880020061: Mean of preds - 23.19714924577499]
[2024-07-02 13:40:21,535: INFO: 880020061: creating results dataframe...]
[2024-07-02 13:40:21,656: INFO: 880020061: writing results to - artifacts/model_evaluation]
[2024-07-02 13:40:21,962: INFO: 880020061: df_results file-size - 6.103515625e-05]
[2024-07-02 13:40:21,962: INFO: 880020061: Results file written.]
[2024-07-02 13:43:03,529: INFO: common: yaml file: config/config.yaml loaded successfully]
[2024-07-02 13:43:03,531: INFO: common: yaml file: params.yaml loaded successfully]
[2024-07-02 13:43:03,532: INFO: common: yaml file: schema.yaml loaded successfully]
[2024-07-02 13:43:03,533: INFO: common: created directory at: artifacts]
[2024-07-02 13:43:03,534: INFO: common: created directory at: artifacts/model_evaluation]
[2024-07-02 13:43:03,534: INFO: 920011735: predicting using model from research/model.bin]
[2024-07-02 13:43:11,715: INFO: 920011735: Standard deviation of preds - 6.750155989720952e-14]
[2024-07-02 13:43:11,716: INFO: 920011735: Mean of preds - 23.19714924577499]
[2024-07-02 13:43:11,716: INFO: 920011735: creating results dataframe...]
[2024-07-02 13:43:11,753: INFO: 920011735: writing results to - artifacts/model_evaluation]
[2024-07-02 13:43:12,077: INFO: 920011735: df_results file-size - 6.103515625e-05]
[2024-07-02 13:43:12,078: INFO: 920011735: Results file written.]
[2024-07-02 13:43:41,642: INFO: common: yaml file: config/config.yaml loaded successfully]
[2024-07-02 13:43:41,644: INFO: common: yaml file: params.yaml loaded successfully]
[2024-07-02 13:43:41,645: INFO: common: yaml file: schema.yaml loaded successfully]
[2024-07-02 13:43:41,647: INFO: common: created directory at: artifacts]
[2024-07-02 13:43:41,648: INFO: common: created directory at: artifacts/model_evaluation]
[2024-07-02 13:43:41,649: INFO: 2447913764: predicting using model from research/model.bin]
[2024-07-02 13:43:49,916: INFO: 2447913764: Standard deviation of preds - 6.750155989720952e-14]
[2024-07-02 13:43:49,918: INFO: 2447913764: Mean of preds - 23.19714924577499]
[2024-07-02 13:43:49,918: INFO: 2447913764: creating results dataframe...]
[2024-07-02 13:43:49,974: INFO: 2447913764: writing results to - artifacts/model_evaluation]
[2024-07-02 13:43:50,252: INFO: 2447913764: df_results file-size - 9.1552734375e-05]
[2024-07-02 13:43:50,252: INFO: 2447913764: Results file written.]
[2024-07-02 13:48:55,244: INFO: main: >>>>>> stage Data Ingestion stage started <<<<<<]
[2024-07-02 13:48:55,245: INFO: common: yaml file: config/config.yaml loaded successfully]
[2024-07-02 13:48:55,245: INFO: common: yaml file: params.yaml loaded successfully]
[2024-07-02 13:48:55,245: INFO: common: yaml file: schema.yaml loaded successfully]
[2024-07-02 13:48:55,246: INFO: common: created directory at: artifacts]
[2024-07-02 13:48:55,246: INFO: common: created directory at: artifacts/data_ingestion]
[2024-07-02 14:05:23,896: INFO: main: >>>>>> stage Data Ingestion stage started <<<<<<]
[2024-07-02 14:05:23,897: INFO: common: yaml file: config/config.yaml loaded successfully]
[2024-07-02 14:05:23,898: INFO: common: yaml file: params.yaml loaded successfully]
[2024-07-02 14:05:23,898: INFO: common: yaml file: schema.yaml loaded successfully]
[2024-07-02 14:05:23,898: INFO: common: created directory at: artifacts]
[2024-07-02 14:05:23,899: INFO: common: created directory at: artifacts/data_ingestion]
[2024-07-02 14:06:28,604: INFO: data_ingestion: artifacts/data_ingestion/yellow_tripdata_2023-03.parquet download! 
]
[2024-07-02 14:06:28,605: INFO: main: >>>>>> stage Data Ingestion stage completed <<<<<<

x==========x]
[2024-07-02 14:06:28,605: INFO: main: >>>>>> stage Data Transformation stage started <<<<<<]
[2024-07-02 14:06:28,606: INFO: common: yaml file: config/config.yaml loaded successfully]
[2024-07-02 14:06:28,607: INFO: common: yaml file: params.yaml loaded successfully]
[2024-07-02 14:06:28,607: INFO: common: yaml file: schema.yaml loaded successfully]
[2024-07-02 14:06:28,607: INFO: common: created directory at: artifacts]
[2024-07-02 14:06:28,607: INFO: common: created directory at: artifacts/data_transformation]
[2024-07-02 14:06:28,607: INFO: data_transformation: reading file - artifacts/data_ingestion/yellow_tripdata_2023-03.parquet]
[2024-07-02 14:06:53,631: INFO: data_transformation: Data transformation completed]
[2024-07-02 14:06:53,632: INFO: data_transformation: (3316216, 21)]
[2024-07-02 14:06:53,798: INFO: main: >>>>>> stage Data Transformation stage completed <<<<<<

x==========x]
[2024-07-02 14:06:53,799: INFO: main: >>>>>> stage Model Evaluation stage started <<<<<<]
[2024-07-02 14:06:53,800: INFO: common: yaml file: config/config.yaml loaded successfully]
[2024-07-02 14:06:53,801: INFO: common: yaml file: params.yaml loaded successfully]
[2024-07-02 14:06:53,801: INFO: common: yaml file: schema.yaml loaded successfully]
[2024-07-02 14:06:53,801: INFO: common: created directory at: artifacts]
[2024-07-02 14:06:53,801: INFO: common: created directory at: artifacts/model_evaluation]
[2024-07-02 14:06:53,801: INFO: model_evaluation: predicting using model from research/model.bin]
[2024-07-02 14:07:01,696: INFO: model_evaluation: Standard deviation of preds - 6.750155989720952e-14]
[2024-07-02 14:07:01,697: INFO: model_evaluation: Mean of preds - 23.19714924577499]
[2024-07-02 14:07:01,697: INFO: model_evaluation: creating results dataframe...]
[2024-07-02 14:07:01,738: INFO: model_evaluation: writing results to - artifacts/model_evaluation]
[2024-07-02 14:07:02,054: INFO: model_evaluation: df_results file-size - 9.1552734375e-05]
[2024-07-02 14:07:02,054: INFO: model_evaluation: Results file written.]
[2024-07-02 14:07:02,331: INFO: main: >>>>>> stage Model Evaluation stage completed <<<<<<

x==========x]
